{"name": " -- @1.2 ", "status": "broken", "statusDetails": {"message": "selenium.common.exceptions.NoSuchElementException: Message: no such element: Unable to locate element: {\"method\":\"xpath\",\"selector\":\"//div[text()='Sign in']\"}\n  (Session info: chrome=107.0.5304.88)\n\n", "trace": "  File \"C:\\Users\\khada\\AppData\\Local\\Programs\\Python\\Python310\\lib\\site-packages\\behave\\model.py\", line 1329, in run\n    match.run(runner.context)\n  File \"C:\\Users\\khada\\AppData\\Local\\Programs\\Python\\Python310\\lib\\site-packages\\behave\\matchers.py\", line 98, in run\n    self.func(context, *args, **kwargs)\n  File \"steps\\continue_appleId.py\", line 18, in step_impl\n    context.driver.find_element(\"xpath\", \"//div[text()='Sign in']\").click()\n  File \"C:\\Users\\khada\\AppData\\Local\\Programs\\Python\\Python310\\lib\\site-packages\\selenium\\webdriver\\remote\\webdriver.py\", line 976, in find_element\n    return self.execute(Command.FIND_ELEMENT, {\n  File \"C:\\Users\\khada\\AppData\\Local\\Programs\\Python\\Python310\\lib\\site-packages\\selenium\\webdriver\\remote\\webdriver.py\", line 321, in execute\n    self.error_handler.check_response(response)\n  File \"C:\\Users\\khada\\AppData\\Local\\Programs\\Python\\Python310\\lib\\site-packages\\selenium\\webdriver\\remote\\errorhandler.py\", line 242, in check_response\n    raise exception_class(message, screen, stacktrace)\n"}, "steps": [{"name": "Given user able to launch browser", "status": "passed", "start": 1667381343105, "stop": 1667381356817}, {"name": "When user able to click on signin button", "status": "broken", "statusDetails": {"message": "selenium.common.exceptions.NoSuchElementException: Message: no such element: Unable to locate element: {\"method\":\"xpath\",\"selector\":\"//div[text()='Sign in']\"}\n  (Session info: chrome=107.0.5304.88)\n\n", "trace": "  File \"C:\\Users\\khada\\AppData\\Local\\Programs\\Python\\Python310\\lib\\site-packages\\behave\\model.py\", line 1329, in run\n    match.run(runner.context)\n  File \"C:\\Users\\khada\\AppData\\Local\\Programs\\Python\\Python310\\lib\\site-packages\\behave\\matchers.py\", line 98, in run\n    self.func(context, *args, **kwargs)\n  File \"steps\\continue_appleId.py\", line 18, in step_impl\n    context.driver.find_element(\"xpath\", \"//div[text()='Sign in']\").click()\n  File \"C:\\Users\\khada\\AppData\\Local\\Programs\\Python\\Python310\\lib\\site-packages\\selenium\\webdriver\\remote\\webdriver.py\", line 976, in find_element\n    return self.execute(Command.FIND_ELEMENT, {\n  File \"C:\\Users\\khada\\AppData\\Local\\Programs\\Python\\Python310\\lib\\site-packages\\selenium\\webdriver\\remote\\webdriver.py\", line 321, in execute\n    self.error_handler.check_response(response)\n  File \"C:\\Users\\khada\\AppData\\Local\\Programs\\Python\\Python310\\lib\\site-packages\\selenium\\webdriver\\remote\\errorhandler.py\", line 242, in check_response\n    raise exception_class(message, screen, stacktrace)\n"}, "start": 1667381356818, "stop": 1667381356853}, {"name": "Then user able to click on the continue with apple", "status": "skipped", "start": 1667381356856, "stop": 1667381356856}, {"name": "When user enter the  apple id \"sai123@gmail.com\"", "status": "skipped", "start": 1667381356856, "stop": 1667381356856}, {"name": "And user click on the next icon", "status": "skipped", "start": 1667381356856, "stop": 1667381356856}, {"name": "Then user enter the apple id password \"sai123\"", "status": "skipped", "start": 1667381356856, "stop": 1667381356856}, {"name": "And user click on the next button", "status": "skipped", "start": 1667381356856, "stop": 1667381356856}], "parameters": [{"name": "apple_id", "value": "sai123@gmail.com"}, {}, {"name": "password", "value": "sai123"}], "start": 1667381343097, "stop": 1667381356856, "uuid": "b4e24256-65a9-4b34-b221-7d540341d713", "historyId": "a308188fa7d265ddb370e7ff18c34130", "fullName": "signin by apple id: ", "labels": [{"name": "severity", "value": "normal"}, {"name": "feature", "value": "signin by apple id"}, {"name": "framework", "value": "behave"}, {"name": "language", "value": "cpython3"}]}